This file contains any messages produced by compilers while
running configure, to aid debugging if configure makes a mistake.

It was created by configure, which was
generated by GNU Autoconf 2.61.  Invocation command line was

  $ ./configure 

## --------- ##
## Platform. ##
## --------- ##

hostname = bigdaddy
uname -m = x86_64
uname -r = 3.16.0-30-generic
uname -s = Linux
uname -v = #40-Ubuntu SMP Mon Jan 12 22:06:37 UTC 2015

/usr/bin/uname -p = unknown
/bin/uname -X     = unknown

/bin/arch              = unknown
/usr/bin/arch -k       = unknown
/usr/convex/getsysinfo = unknown
/usr/bin/hostinfo      = unknown
/bin/machine           = unknown
/usr/bin/oslevel       = unknown
/bin/universe          = unknown

PATH: /usr/local/sbin
PATH: /usr/local/bin
PATH: /usr/sbin
PATH: /usr/bin
PATH: /sbin
PATH: /bin
PATH: /usr/games
PATH: /usr/local/games


## ----------- ##
## Core tests. ##
## ----------- ##

configure:2096: checking for gcc
configure:2112: found /usr/bin/gcc
configure:2123: result: gcc
configure:2361: checking for C compiler version
configure:2368: gcc --version >&5
gcc (Ubuntu 4.9.1-16ubuntu6) 4.9.1
Copyright (C) 2014 Free Software Foundation, Inc.
This is free software; see the source for copying conditions.  There is NO
warranty; not even for MERCHANTABILITY or FITNESS FOR A PARTICULAR PURPOSE.

configure:2371: $? = 0
configure:2378: gcc -v >&5
Using built-in specs.
COLLECT_GCC=gcc
COLLECT_LTO_WRAPPER=/usr/lib/gcc/x86_64-linux-gnu/4.9/lto-wrapper
Target: x86_64-linux-gnu
Configured with: ../src/configure -v --with-pkgversion='Ubuntu 4.9.1-16ubuntu6' --with-bugurl=file:///usr/share/doc/gcc-4.9/README.Bugs --enable-languages=c,c++,java,go,d,fortran,objc,obj-c++ --prefix=/usr --program-suffix=-4.9 --enable-shared --enable-linker-build-id --libexecdir=/usr/lib --without-included-gettext --enable-threads=posix --with-gxx-include-dir=/usr/include/c++/4.9 --libdir=/usr/lib --enable-nls --with-sysroot=/ --enable-clocale=gnu --enable-libstdcxx-debug --enable-libstdcxx-time=yes --enable-gnu-unique-object --disable-vtable-verify --enable-plugin --with-system-zlib --disable-browser-plugin --enable-java-awt=gtk --enable-gtk-cairo --with-java-home=/usr/lib/jvm/java-1.5.0-gcj-4.9-amd64/jre --enable-java-home --with-jvm-root-dir=/usr/lib/jvm/java-1.5.0-gcj-4.9-amd64 --with-jvm-jar-dir=/usr/lib/jvm-exports/java-1.5.0-gcj-4.9-amd64 --with-arch-directory=amd64 --with-ecj-jar=/usr/share/java/eclipse-ecj.jar --enable-objc-gc --enable-multiarch --disable-werror --with-arch-32=i686 --with-abi=m64 --with-multilib-list=m32,m64,mx32 --enable-multilib --with-tune=generic --enable-checking=release --build=x86_64-linux-gnu --host=x86_64-linux-gnu --target=x86_64-linux-gnu
Thread model: posix
gcc version 4.9.1 (Ubuntu 4.9.1-16ubuntu6) 
configure:2381: $? = 0
configure:2388: gcc -V >&5
gcc: error: unrecognized command line option '-V'
gcc: fatal error: no input files
compilation terminated.
configure:2391: $? = 4
configure:2414: checking for C compiler default output file name
configure:2441: gcc    conftest.c  >&5
configure:2444: $? = 0
configure:2482: result: a.out
configure:2499: checking whether the C compiler works
configure:2509: ./a.out
configure:2512: $? = 0
configure:2529: result: yes
configure:2536: checking whether we are cross compiling
configure:2538: result: no
configure:2541: checking for suffix of executables
configure:2548: gcc -o conftest    conftest.c  >&5
configure:2551: $? = 0
configure:2575: result: 
configure:2581: checking for suffix of object files
configure:2607: gcc -c   conftest.c >&5
configure:2610: $? = 0
configure:2633: result: o
configure:2637: checking whether we are using the GNU C compiler
configure:2666: gcc -c   conftest.c >&5
configure:2672: $? = 0
configure:2689: result: yes
configure:2694: checking whether gcc accepts -g
configure:2724: gcc -c -g  conftest.c >&5
configure:2730: $? = 0
configure:2829: result: yes
configure:2846: checking for gcc option to accept ISO C89
configure:2920: gcc  -c -g -O2  conftest.c >&5
configure:2926: $? = 0
configure:2949: result: none needed
configure:2972: checking how to run the C preprocessor
configure:3012: gcc -E  conftest.c
configure:3018: $? = 0
configure:3049: gcc -E  conftest.c
conftest.c:8:28: fatal error: ac_nonexistent.h: No such file or directory
 #include <ac_nonexistent.h>
                            ^
compilation terminated.
configure:3055: $? = 1
configure: failed program was:
| /* confdefs.h.  */
| #define PACKAGE_NAME ""
| #define PACKAGE_TARNAME ""
| #define PACKAGE_VERSION ""
| #define PACKAGE_STRING ""
| #define PACKAGE_BUGREPORT ""
| /* end confdefs.h.  */
| #include <ac_nonexistent.h>
configure:3088: result: gcc -E
configure:3117: gcc -E  conftest.c
configure:3123: $? = 0
configure:3154: gcc -E  conftest.c
conftest.c:8:28: fatal error: ac_nonexistent.h: No such file or directory
 #include <ac_nonexistent.h>
                            ^
compilation terminated.
configure:3160: $? = 1
configure: failed program was:
| /* confdefs.h.  */
| #define PACKAGE_NAME ""
| #define PACKAGE_TARNAME ""
| #define PACKAGE_VERSION ""
| #define PACKAGE_STRING ""
| #define PACKAGE_BUGREPORT ""
| /* end confdefs.h.  */
| #include <ac_nonexistent.h>
configure:3260: checking for g++
configure:3276: found /usr/bin/g++
configure:3287: result: g++
configure:3318: checking for C++ compiler version
configure:3325: g++ --version >&5
g++ (Ubuntu 4.9.1-16ubuntu6) 4.9.1
Copyright (C) 2014 Free Software Foundation, Inc.
This is free software; see the source for copying conditions.  There is NO
warranty; not even for MERCHANTABILITY or FITNESS FOR A PARTICULAR PURPOSE.

configure:3328: $? = 0
configure:3335: g++ -v >&5
Using built-in specs.
COLLECT_GCC=g++
COLLECT_LTO_WRAPPER=/usr/lib/gcc/x86_64-linux-gnu/4.9/lto-wrapper
Target: x86_64-linux-gnu
Configured with: ../src/configure -v --with-pkgversion='Ubuntu 4.9.1-16ubuntu6' --with-bugurl=file:///usr/share/doc/gcc-4.9/README.Bugs --enable-languages=c,c++,java,go,d,fortran,objc,obj-c++ --prefix=/usr --program-suffix=-4.9 --enable-shared --enable-linker-build-id --libexecdir=/usr/lib --without-included-gettext --enable-threads=posix --with-gxx-include-dir=/usr/include/c++/4.9 --libdir=/usr/lib --enable-nls --with-sysroot=/ --enable-clocale=gnu --enable-libstdcxx-debug --enable-libstdcxx-time=yes --enable-gnu-unique-object --disable-vtable-verify --enable-plugin --with-system-zlib --disable-browser-plugin --enable-java-awt=gtk --enable-gtk-cairo --with-java-home=/usr/lib/jvm/java-1.5.0-gcj-4.9-amd64/jre --enable-java-home --with-jvm-root-dir=/usr/lib/jvm/java-1.5.0-gcj-4.9-amd64 --with-jvm-jar-dir=/usr/lib/jvm-exports/java-1.5.0-gcj-4.9-amd64 --with-arch-directory=amd64 --with-ecj-jar=/usr/share/java/eclipse-ecj.jar --enable-objc-gc --enable-multiarch --disable-werror --with-arch-32=i686 --with-abi=m64 --with-multilib-list=m32,m64,mx32 --enable-multilib --with-tune=generic --enable-checking=release --build=x86_64-linux-gnu --host=x86_64-linux-gnu --target=x86_64-linux-gnu
Thread model: posix
gcc version 4.9.1 (Ubuntu 4.9.1-16ubuntu6) 
configure:3338: $? = 0
configure:3345: g++ -V >&5
g++: error: unrecognized command line option '-V'
g++: fatal error: no input files
compilation terminated.
configure:3348: $? = 4
configure:3351: checking whether we are using the GNU C++ compiler
configure:3380: g++ -c   conftest.cpp >&5
configure:3386: $? = 0
configure:3403: result: yes
configure:3408: checking whether g++ accepts -g
configure:3438: g++ -c -g  conftest.cpp >&5
configure:3444: $? = 0
configure:3543: result: yes
configure:3573: checking for grep that handles long lines and -e
configure:3647: result: /bin/grep
configure:3652: checking for egrep
configure:3730: result: /bin/grep -E
configure:3773: checking build system type
configure:3791: result: x86_64-unknown-linux-gnu
configure:3813: checking host system type
configure:3828: result: x86_64-unknown-linux-gnu
configure:3850: checking target system type
configure:3865: result: x86_64-unknown-linux-gnu
configure:3917: checking for library combo
configure:3945: result: gnu-gnu-gnu
configure:3955: checking for apple compiler flags
configure:3970: result: yes
configure:4183: checking for ar
configure:4199: found /usr/bin/ar
configure:4210: result: ar
configure:4220: checking for dlltool
configure:4250: result: no
configure:4298: checking for ranlib
configure:4314: found /usr/bin/ranlib
configure:4325: result: ranlib
configure:4366: checking for a BSD-compatible install
configure:4422: result: /usr/bin/install -c
configure:4434: checking if 'install -p' works
configure:4439: result: yes
configure:4446: checking if we should use 'install -p' when installing files
configure:4458: result: yes
configure:4470: checking whether ln -s works
configure:4474: result: yes
configure:4486: checking for gnutar
configure:4516: result: no
configure:4486: checking for gtar
configure:4516: result: no
configure:4534: checking for chown
configure:4550: found /bin/chown
configure:4562: result: chown
configure:4586: checking if we should enable strict gnustep-make version 2 mode by default
configure:4603: result: no
configure:4614: checking for GNUstep filesystem layout to use
configure:4640: result: default layout: 'fhs'
configure:4703: checking if we manage to import the filesystem layout configuration
configure:4709: result: ok
configure:4741: checking for prefix
configure:4761: result: /usr/local
configure:4808: checking for GNUstep configuration file to use
configure:4839: result: /usr/local/etc/GNUstep/GNUstep.conf
configure:4858: checking if we should import an existing configuration file
configure:4883: result: no
configure:4899: checking for user config file to use
configure:4921: result: .GNUstep.conf
configure:4928: checking if the obsolete --with-user-dir option was used
configure:4942: result: no: good
configure:4949: checking for user defaults dir to use
configure:4971: result: GNUstep/Defaults
configure:4981: checking for GNUSTEP_MAKEFILES to use
configure:4984: result: /usr/local/share/GNUstep/Makefiles
configure:5010: checking for flattened directory structure
configure:5040: result: yes
configure:5054: Now printing the filesystem layout configuration.
configure:5057: checking for System Applications directory
configure:5059: result: /usr/local/lib/GNUstep/Applications
configure:5062: checking for System Admin Applications directory
configure:5064: result: /usr/local/lib/GNUstep/Applications
configure:5067: checking for System Web Applications directory
configure:5069: result: /usr/local/lib/GNUstep/WebApplications
configure:5072: checking for System Tools directory
configure:5074: result: /usr/local/bin
configure:5077: checking for System Admin Tools directory
configure:5079: result: /usr/local/sbin
configure:5082: checking for System Library directory
configure:5084: result: /usr/local/lib/GNUstep
configure:5087: checking for System Headers directory
configure:5089: result: /usr/local/include
configure:5092: checking for System Libraries directory
configure:5094: result: /usr/local/lib
configure:5097: checking for System Documentation directory
configure:5099: result: /usr/local/share/GNUstep/Documentation
configure:5102: checking for System Info Documentation directory
configure:5104: result: /usr/local/share/info
configure:5107: checking for System Man Documentation directory
configure:5109: result: /usr/local/share/man
configure:5113: checking for Network Applications directory
configure:5115: result: /usr/local/lib/GNUstep/Applications
configure:5118: checking for Network Admin Applications directory
configure:5120: result: /usr/local/lib/GNUstep/Applications
configure:5123: checking for Network Web Applications directory
configure:5125: result: /usr/local/lib/GNUstep/WebApplications
configure:5128: checking for Network Tools directory
configure:5130: result: /usr/local/bin
configure:5133: checking for Network Admin Tools directory
configure:5135: result: /usr/local/sbin
configure:5138: checking for Network Library directory
configure:5140: result: /usr/local/lib/GNUstep
configure:5143: checking for Network Headers directory
configure:5145: result: /usr/local/include
configure:5148: checking for Network Libraries directory
configure:5150: result: /usr/local/lib
configure:5153: checking for Network Documentation directory
configure:5155: result: /usr/local/share/GNUstep/Documentation
configure:5158: checking for Network Info Documentation directory
configure:5160: result: /usr/local/share/info
configure:5163: checking for Network Man Documentation directory
configure:5165: result: /usr/local/share/man
configure:5169: checking for Local Applications directory
configure:5171: result: /usr/local/lib/GNUstep/Applications
configure:5174: checking for Local Admin Applications directory
configure:5176: result: /usr/local/lib/GNUstep/Applications
configure:5179: checking for Local Web Applications directory
configure:5181: result: /usr/local/lib/GNUstep/WebApplications
configure:5184: checking for Local Tools directory
configure:5186: result: /usr/local/bin
configure:5189: checking for Local Admin Tools directory
configure:5191: result: /usr/local/sbin
configure:5194: checking for Local Library directory
configure:5196: result: /usr/local/lib/GNUstep
configure:5199: checking for Local Headers directory
configure:5201: result: /usr/local/include
configure:5204: checking for Local Libraries directory
configure:5206: result: /usr/local/lib
configure:5209: checking for Local Documentation directory
configure:5211: result: /usr/local/share/GNUstep/Documentation
configure:5214: checking for Local Info Documentation directory
configure:5216: result: /usr/local/share/info
configure:5219: checking for Local Man Documentation directory
configure:5221: result: /usr/local/share/man
configure:5225: checking for User Applications directory
configure:5227: result: GNUstep/Applications
configure:5230: checking for User Admin Applications directory
configure:5232: result: GNUstep/Applications/Admin
configure:5235: checking for User Web Applications directory
configure:5237: result: GNUstep/WebApplications
configure:5240: checking for User Tools directory
configure:5242: result: GNUstep/Tools
configure:5245: checking for User Admin Tools directory
configure:5247: result: GNUstep/Tools/Admin
configure:5250: checking for User Library directory
configure:5252: result: GNUstep/Library
configure:5255: checking for User Headers directory
configure:5257: result: GNUstep/Library/Headers
configure:5260: checking for User Libraries directory
configure:5262: result: GNUstep/Library/Libraries
configure:5265: checking for User Documentation directory
configure:5267: result: GNUstep/Library/Documentation
configure:5270: checking for User Info Documentation directory
configure:5272: result: GNUstep/Library/Documentation/info
configure:5275: checking for User Man Documentation directory
configure:5277: result: GNUstep/Library/Documentation/man
configure:5281: checking for System User directory
configure:5283: result: /home
configure:5286: checking for Network User directory
configure:5288: result: /home
configure:5291: checking for Local User directory
configure:5293: result: /home
configure:5407: checking for custom shared objc library
configure:5473: result: NONE
configure:5522: checking for the flag to link libobjc
configure:5573: result: -lobjc
configure:5597: checking whether objc has thread support
configure:5665: gcc -o conftest -g -O2 -x objective-c -I.   -fgnu-runtime -DGNU_RUNTIME   conftest.c -lobjc -lpthread >&5
In file included from conftest.c:8:0:
config_thread.m:7:1: warning: incomplete implementation of class 'NXConstantString'
 @end
 ^
config_thread.m:7:1: warning: method definition for '-length' not found
config_thread.m:7:1: warning: method definition for '-cString' not found
In file included from conftest.c:8:0:
config_thread.m: In function 'main':
config_thread.m:26:3: warning: 'Object' may not respond to '+new'
   id o = [Object new];
   ^
config_thread.m:26:3: warning: (Messages without a matching method signature
config_thread.m:26:3: warning: will be assumed to return 'id' and accept
config_thread.m:26:3: warning: '...' as arguments.)
configure:5668: $? = 0
configure:5674: ./conftest
./configure: line 5675: 29121 Segmentation fault      (core dumped) ./conftest$ac_exeext
configure:5677: $? = 139
configure: program exited with status 139
configure: failed program was:
| /* confdefs.h.  */
| #define PACKAGE_NAME ""
| #define PACKAGE_TARNAME ""
| #define PACKAGE_VERSION ""
| #define PACKAGE_STRING ""
| #define PACKAGE_BUGREPORT ""
| /* end confdefs.h.  */
| #include "config_thread.m"
configure:5711: gcc -o conftest -g -O2 -x objective-c -I.   -fgnu-runtime -DGNU_RUNTIME   conftest.c -lobjc >&5
In file included from conftest.c:8:0:
config_thread.m:7:1: warning: incomplete implementation of class 'NXConstantString'
 @end
 ^
config_thread.m:7:1: warning: method definition for '-length' not found
config_thread.m:7:1: warning: method definition for '-cString' not found
In file included from conftest.c:8:0:
config_thread.m: In function 'main':
config_thread.m:26:3: warning: 'Object' may not respond to '+new'
   id o = [Object new];
   ^
config_thread.m:26:3: warning: (Messages without a matching method signature
config_thread.m:26:3: warning: will be assumed to return 'id' and accept
config_thread.m:26:3: warning: '...' as arguments.)
configure:5714: $? = 0
configure:5720: ./conftest
./configure: line 5721: 29141 Segmentation fault      (core dumped) ./conftest$ac_exeext
configure:5723: $? = 139
configure: program exited with status 139
configure: failed program was:
| /* confdefs.h.  */
| #define PACKAGE_NAME ""
| #define PACKAGE_TARNAME ""
| #define PACKAGE_VERSION ""
| #define PACKAGE_STRING ""
| #define PACKAGE_BUGREPORT ""
| /* end confdefs.h.  */
| #include "config_thread.m"
configure:6257: result: no
configure:6270: checking whether Objective-C++ is supported
configure:6318: g++ -c -g -O2 -x objective-c++  conftest.cpp >&5
g++: error trying to exec 'cc1objplus': execvp: No such file or directory
configure:6324: $? = 1
configure: failed program was:
| 
| 
| @interface	ObjCClass
| {
|   int x;
| }
| @end
| 
| class CppClass
| {
|   int x;
| };
| 
| int
| main()
| {
|   return 0;
| }
| 
configure:6338: result: no
configure:6370: checking whether we should use the nonfragile ABI
configure:6463: result: not requested by user
configure:6488: checking for the flag to use to do partial linking
configure:6493: result: -r
configure:6507: checking for the GCC version
configure:6534: result: version: 4.9
configure:6538: checking whether the compiler is clang
configure:6551: result: no
configure:6574: checking whether the compiler supports native ObjC exceptions
configure:6607: gcc -c -g -O2 -x objective-c -I.   -fgnu-runtime -DGNU_RUNTIME -fexceptions -fobjc-exceptions  conftest.c >&5
configure:6613: $? = 0
configure:6631: result: yes
configure:6652: checking if the compiler supports autodependencies
configure:6671: result: yes: gcc version is 4.9 >= 3.0
configure:6685: checking if the compiler supports precompiled headers
configure:6724: result: no: old or buggy gcc
configure:6744: checking if the compiler requires -shared flag to build for Solaris
configure:6760: result: yes: gcc version is 4.9 >= 4.0
configure:6779: checking if we should enable 'make debug=yes' by default
configure:6795: result: no
configure:6811: checking for gmake
configure:6841: result: no
configure:6811: checking for gnumake
configure:6841: result: no
configure:6811: checking for make
configure:6827: found /usr/bin/make
configure:6838: result: make
configure:6860: checking for the GNU Make version
configure:6871: result: version: 4.0
configure:6880: checking for GNU Make >= 3.79
configure:6894: result: yes
configure:6910: checking if GNU Make has the info function
configure:6927: result: yes
configure:6939: checking if we should strip makefiles after installation
configure:6955: result: no
configure:6964: checking if we should enable support for parallel building
configure:6975: result: yes
configure:6990: checking for the version of gnustep-make we are compiling
configure:6993: result: 2.6.6
configure:7024: checking for latex2html
configure:7054: result: no
configure:7068: checking for bash
configure:7086: found /bin/bash
configure:7099: result: /bin/bash
configure:7109: checking for test
configure:7127: found /usr/bin/test
configure:7139: result: /usr/bin/test
configure:7285: creating ./config.status

## ---------------------- ##
## Running config.status. ##
## ---------------------- ##

This file was extended by config.status, which was
generated by GNU Autoconf 2.61.  Invocation command line was

  CONFIG_FILES    = 
  CONFIG_HEADERS  = 
  CONFIG_LINKS    = 
  CONFIG_COMMANDS = 
  $ ./config.status 

on bigdaddy

config.status:729: creating config-noarch.make
config.status:729: creating config.make
config.status:729: creating openapp
config.status:729: creating opentool
config.status:729: creating executable.template
config.status:729: creating GNUmakefile
config.status:729: creating GNUstep.conf
config.status:729: creating GNUstep-strict-v2.conf
config.status:729: creating GNUstep.sh
config.status:729: creating GNUstep.csh
config.status:729: creating fixpath.sh
config.status:729: creating gnustep-make.spec
config.status:729: creating gnustep-make-ld.so.conf
config.status:729: creating gnustep-config
config.status:729: creating TestFramework/gnustep-tests
config.status:729: creating filesystem.make
config.status:729: creating filesystem.sh
config.status:729: creating filesystem.csh
config.status:914: executing default commands

## ---------------- ##
## Cache variables. ##
## ---------------- ##

ac_cv_backend=yes
ac_cv_build=x86_64-unknown-linux-gnu
ac_cv_c_compiler_gnu=yes
ac_cv_cxx_compiler_gnu=yes
ac_cv_debug_by_default=undefined
ac_cv_env_CCC_set=
ac_cv_env_CCC_value=
ac_cv_env_CC_set=
ac_cv_env_CC_value=
ac_cv_env_CFLAGS_set=
ac_cv_env_CFLAGS_value=
ac_cv_env_CPPFLAGS_set=
ac_cv_env_CPPFLAGS_value=
ac_cv_env_CPP_set=
ac_cv_env_CPP_value=
ac_cv_env_CXXFLAGS_set=
ac_cv_env_CXXFLAGS_value=
ac_cv_env_CXX_set=
ac_cv_env_CXX_value=
ac_cv_env_LDFLAGS_set=
ac_cv_env_LDFLAGS_value=
ac_cv_env_LIBS_set=
ac_cv_env_LIBS_value=
ac_cv_env_build_alias_set=
ac_cv_env_build_alias_value=
ac_cv_env_host_alias_set=
ac_cv_env_host_alias_value=
ac_cv_env_target_alias_set=
ac_cv_env_target_alias_value=
ac_cv_flattened=undefined
ac_cv_host=x86_64-unknown-linux-gnu
ac_cv_importing_config_file=no
ac_cv_install_ld_so_conf=undefined
ac_cv_install_p=yes
ac_cv_library_combo=gnu-gnu-gnu
ac_cv_multi_platform=undefined
ac_cv_objc_threaded=
ac_cv_objext=o
ac_cv_parallel_building=yes
ac_cv_path_EGREP='/bin/grep -E'
ac_cv_path_GREP=/bin/grep
ac_cv_path_SHELLPROG=/bin/bash
ac_cv_path_TESTPROG=/usr/bin/test
ac_cv_path_install='/usr/bin/install -c'
ac_cv_prog_AR=ar
ac_cv_prog_CHOWN=chown
ac_cv_prog_CPP='gcc -E'
ac_cv_prog_GNUMAKE=make
ac_cv_prog_ac_ct_CC=gcc
ac_cv_prog_ac_ct_CXX=g++
ac_cv_prog_ac_ct_RANLIB=ranlib
ac_cv_prog_cc_c89=
ac_cv_prog_cc_g=yes
ac_cv_prog_cxx_g=yes
ac_cv_strict_v2_mode=no
ac_cv_strip_makefiles=undefined
ac_cv_target=x86_64-unknown-linux-gnu
gs_cv_gcc_major_version=4
gs_cv_gcc_minor_version=9
gs_cv_gcc_parsed_version=4.9
gs_cv_make_major_version=4
gs_cv_make_minor_version=0
gs_cv_make_version=4.0
gs_cv_objc_incdir=NONE
gs_cv_objc_libdir=NONE
gs_cv_using_clang=0

## ----------------- ##
## Output variables. ##
## ----------------- ##

AR='ar'
AUTO_DEPENDENCIES='yes'
BACKEND_BUNDLE='yes'
CC='gcc'
CFLAGS='-g -O2'
CHOWN='chown'
CLANG_CC='no'
CPP='gcc -E'
CPPFLAGS=''
CXX='g++'
CXXFLAGS='-g -O2'
CYGWIN='no'
DEFS='-DPACKAGE_NAME=\"\" -DPACKAGE_TARNAME=\"\" -DPACKAGE_VERSION=\"\" -DPACKAGE_STRING=\"\" -DPACKAGE_BUGREPORT=\"\"'
DLLTOOL=''
ECHO_C=''
ECHO_N='-n'
ECHO_T=''
EGREP='/bin/grep -E'
EXEEXT=''
GCC_WITH_PRECOMPILED_HEADERS='no'
GNUMAKE='make'
GNUSTEP_ABSOLUTE_INSTALL_PATHS=''
GNUSTEP_CONFIG_FILE='/usr/local/etc/GNUstep/GNUstep.conf'
GNUSTEP_DEFAULT_DEBUG='no'
GNUSTEP_FLATTENED='yes'
GNUSTEP_INSTALL_LD_SO_CONF=''
GNUSTEP_IS_FLATTENED='yes'
GNUSTEP_LOCAL_ADMIN_APPS='/usr/local/lib/GNUstep/Applications'
GNUSTEP_LOCAL_ADMIN_TOOLS='/usr/local/sbin'
GNUSTEP_LOCAL_APPS='/usr/local/lib/GNUstep/Applications'
GNUSTEP_LOCAL_DOC='/usr/local/share/GNUstep/Documentation'
GNUSTEP_LOCAL_DOC_INFO='/usr/local/share/info'
GNUSTEP_LOCAL_DOC_MAN='/usr/local/share/man'
GNUSTEP_LOCAL_HEADERS='/usr/local/include'
GNUSTEP_LOCAL_LIBRARIES='/usr/local/lib'
GNUSTEP_LOCAL_LIBRARY='/usr/local/lib/GNUstep'
GNUSTEP_LOCAL_ROOT='/usr/local/Local'
GNUSTEP_LOCAL_TOOLS='/usr/local/bin'
GNUSTEP_LOCAL_USERS_DIR='/home'
GNUSTEP_LOCAL_WEB_APPS='/usr/local/lib/GNUstep/WebApplications'
GNUSTEP_MAKEFILES='/usr/local/share/GNUstep/Makefiles'
GNUSTEP_MAKE_MAJOR_VERSION='2'
GNUSTEP_MAKE_MINOR_VERSION='6'
GNUSTEP_MAKE_PARALLEL_BUILDING='yes'
GNUSTEP_MAKE_STRICT_V2_MODE='no'
GNUSTEP_MAKE_SUBMINOR_VERSION='6'
GNUSTEP_MAKE_VERSION='2.6.6'
GNUSTEP_MULTI_PLATFORM=''
GNUSTEP_NETWORK_ADMIN_APPS='/usr/local/lib/GNUstep/Applications'
GNUSTEP_NETWORK_ADMIN_TOOLS='/usr/local/sbin'
GNUSTEP_NETWORK_APPS='/usr/local/lib/GNUstep/Applications'
GNUSTEP_NETWORK_DOC='/usr/local/share/GNUstep/Documentation'
GNUSTEP_NETWORK_DOC_INFO='/usr/local/share/info'
GNUSTEP_NETWORK_DOC_MAN='/usr/local/share/man'
GNUSTEP_NETWORK_HEADERS='/usr/local/include'
GNUSTEP_NETWORK_LIBRARIES='/usr/local/lib'
GNUSTEP_NETWORK_LIBRARY='/usr/local/lib/GNUstep'
GNUSTEP_NETWORK_ROOT='/usr/local/Network'
GNUSTEP_NETWORK_TOOLS='/usr/local/bin'
GNUSTEP_NETWORK_USERS_DIR='/home'
GNUSTEP_NETWORK_WEB_APPS='/usr/local/lib/GNUstep/WebApplications'
GNUSTEP_PREFIX='/usr/local'
GNUSTEP_STRIP_MAKEFILES=''
GNUSTEP_SYSTEM_ADMIN_APPS='/usr/local/lib/GNUstep/Applications'
GNUSTEP_SYSTEM_ADMIN_TOOLS='/usr/local/sbin'
GNUSTEP_SYSTEM_APPS='/usr/local/lib/GNUstep/Applications'
GNUSTEP_SYSTEM_DOC='/usr/local/share/GNUstep/Documentation'
GNUSTEP_SYSTEM_DOC_INFO='/usr/local/share/info'
GNUSTEP_SYSTEM_DOC_MAN='/usr/local/share/man'
GNUSTEP_SYSTEM_HEADERS='/usr/local/include'
GNUSTEP_SYSTEM_LIBRARIES='/usr/local/lib'
GNUSTEP_SYSTEM_LIBRARY='/usr/local/lib/GNUstep'
GNUSTEP_SYSTEM_ROOT='/usr/local/System'
GNUSTEP_SYSTEM_TOOLS='/usr/local/bin'
GNUSTEP_SYSTEM_USERS_DIR='/home'
GNUSTEP_SYSTEM_WEB_APPS='/usr/local/lib/GNUstep/WebApplications'
GNUSTEP_USER_CONFIG_FILE='.GNUstep.conf'
GNUSTEP_USER_DEFAULTS_DIR='GNUstep/Defaults'
GNUSTEP_USER_DIR='GNUstep'
GNUSTEP_USER_DIR_ADMIN_APPS='GNUstep/Applications/Admin'
GNUSTEP_USER_DIR_ADMIN_TOOLS='GNUstep/Tools/Admin'
GNUSTEP_USER_DIR_APPS='GNUstep/Applications'
GNUSTEP_USER_DIR_DOC='GNUstep/Library/Documentation'
GNUSTEP_USER_DIR_DOC_INFO='GNUstep/Library/Documentation/info'
GNUSTEP_USER_DIR_DOC_MAN='GNUstep/Library/Documentation/man'
GNUSTEP_USER_DIR_HEADERS='GNUstep/Library/Headers'
GNUSTEP_USER_DIR_LIBRARIES='GNUstep/Library/Libraries'
GNUSTEP_USER_DIR_LIBRARY='GNUstep/Library'
GNUSTEP_USER_DIR_TOOLS='GNUstep/Tools'
GNUSTEP_USER_DIR_WEB_APPS='GNUstep/WebApplications'
GREP='/bin/grep'
HOST_INSTALL='/usr/bin/install -c -p'
INCLUDES=''
INSTALL_DATA='${INSTALL} -m 644'
INSTALL_PROGRAM='${INSTALL}'
INSTALL_SCRIPT='${INSTALL}'
LATEX2HTML=''
LDFLAGS=' -shared-libgcc'
LIBOBJS=''
LIBS=''
LIB_DIR=''
LN_S='ln -s'
LTLIBOBJS=''
MAKE_WITH_INFO_FUNCTION='yes'
OBJCFLAGS=''
OBJCXX=''
OBJC_LIB_FLAG=''
OBJC_WITH_GC='no'
OBJEXT='o'
OBJ_MERGE_CMD_FLAG='-r'
PACKAGE_BUGREPORT=''
PACKAGE_NAME=''
PACKAGE_STRING=''
PACKAGE_TARNAME=''
PACKAGE_VERSION=''
PATH_SEPARATOR=':'
RANLIB='ranlib'
SHELL='/bin/bash'
SHELLPROG='/bin/bash'
SOLARIS_SHARED='yes'
TAR='tar'
TESTPROG='/usr/bin/test'
USE_NONFRAGILE_ABI='no'
USE_OBJC_EXCEPTIONS='yes'
ac_ct_CC='gcc'
ac_ct_CXX='g++'
ac_cv_library_combo='gnu-gnu-gnu'
ac_cv_objc_threaded=''
bindir='${exec_prefix}/bin'
build='x86_64-unknown-linux-gnu'
build_alias=''
build_cpu='x86_64'
build_os='linux-gnu'
build_vendor='unknown'
cc_bundle='yes'
cc_cppprecomp='no'
cc_gnuruntime=''
clean_target_cpu='x86_64'
clean_target_os='linux-gnu'
clean_target_vendor='unknown'
datadir='${datarootdir}'
datarootdir='${prefix}/share'
docdir='${datarootdir}/doc/${PACKAGE}'
dvidir='${docdir}'
exec_prefix='${prefix}'
host='x86_64-unknown-linux-gnu'
host_alias=''
host_cpu='x86_64'
host_os='linux-gnu'
host_vendor='unknown'
htmldir='${docdir}'
includedir='${prefix}/include'
infodir='${datarootdir}/info'
libdir='${exec_prefix}/lib'
libexecdir='${exec_prefix}/libexec'
localedir='${datarootdir}/locale'
localstatedir='${prefix}/var'
mandir='${datarootdir}/man'
objc_threaded=''
oldincludedir='/usr/include'
pdfdir='${docdir}'
prefix='NONE'
program_transform_name='s,x,x,'
psdir='${docdir}'
sbindir='${exec_prefix}/sbin'
sharedstatedir='${prefix}/com'
sysconfdir='${prefix}/etc'
target='x86_64-unknown-linux-gnu'
target_alias=''
target_cpu='x86_64'
target_os='linux-gnu'
target_vendor='unknown'

## ----------- ##
## confdefs.h. ##
## ----------- ##

#define PACKAGE_NAME ""
#define PACKAGE_TARNAME ""
#define PACKAGE_VERSION ""
#define PACKAGE_STRING ""
#define PACKAGE_BUGREPORT ""

configure: exit 0
